#
# A fatal error has been detected by the Java Runtime Environment:
#
#  EXCEPTION_ACCESS_VIOLATION (0xc0000005) at pc=0x000000000222c532, pid=7740, tid=0x0000000000004df0
#
# JRE version: Java(TM) SE Runtime Environment (8.0_221-b11) (build 1.8.0_221-b11)
# Java VM: Java HotSpot(TM) 64-Bit Server VM (25.221-b11 mixed mode windows-amd64 compressed oops)
# Problematic frame:
# C  [javaxt-core64.dll+0xc532]
#
# Failed to write core dump. Minidumps are not enabled by default on client versions of Windows
#
# If you would like to submit a bug report, please visit:
#   http://bugreport.java.com/bugreport/crash.jsp
# The crash happened outside the Java Virtual Machine in native code.
# See problematic frame for where to report the bug.
#

---------------  T H R E A D  ---------------

Current thread (0x000000001acdd800):  JavaThread "Thread-13" daemon [_thread_in_native, id=19952, stack(0x000000001c4e0000,0x000000001c5e0000)]

siginfo: ExceptionCode=0xc0000005, reading address 0x0000000000000000

Registers:
RAX=0x0000000000000000, RBX=0x0000000000648c21, RCX=0x0000000000640000, RDX=0x0000000000640000
RSP=0x000000001c5df0f0, RBP=0x000000000000000b, RSI=0x0000000000640ae2, RDI=0x000000001c5df1c8
R8 =0x0000000000650d80, R9 =0x0000000000000001, R10=0x0000000000008000, R11=0x000000001c5df050
R12=0x000000001c5df1c0, R13=0x0000000000000006, R14=0x0000000000000000, R15=0x00000000022424fc
RIP=0x000000000222c532, EFLAGS=0x0000000000010206

Top of Stack: (sp=0x000000001c5df0f0)
0x000000001c5df0f0:   000000001c5df1c0 0000000002242918
0x000000001c5df100:   0000000000648c21 0000000000640ae2
0x000000001c5df110:   0000000000000013 000000001c5df178
0x000000001c5df120:   0000000000000000 0000000000000000
0x000000001c5df130:   0000000000000001 000000001c5df2c0
0x000000001c5df140:   0000000000648c21 0000000000000018
0x000000001c5df150:   000000000000001f 000000001acdd800
0x000000001c5df160:   0000000000640e02 0000000000000018
0x000000001c5df170:   000000000000001f 0000000000000022
0x000000001c5df180:   00000000198ed328 0000000000640b82
0x000000001c5df190:   000000000000000b 000000000000001f
0x000000001c5df1a0:   000000005f8f0d92 000000001c5df2c0
0x000000001c5df1b0:   000000000224c068 0000000000000000
0x000000001c5df1c0:   000000000224c060 00000000022425b0
0x000000001c5df1d0:   0000000000649e20 0000000000649e20
0x000000001c5df1e0:   000000001c5df1d0 000000001c5df1d8 

Instructions: (pc=0x000000000222c532)
0x000000000222c512:   41 ff 84 c0 74 0a 3c ff 74 06 80 41 ff ff eb 09
0x000000000222c522:   48 83 c1 fe e8 b5 06 00 00 48 8b 05 8e 11 02 00
0x000000000222c532:   8b 08 85 c9 74 0c 48 01 0d 81 11 02 00 48 8b c1
0x000000000222c542:   eb 07 4c 89 35 75 11 02 00 48 8b 8c 24 98 00 00 


Register to memory mapping:

RAX=0x0000000000000000 is an unknown value
RBX=0x0000000000648c21 is an unknown value
RCX=0x0000000000640000 is an unknown value
RDX=0x0000000000640000 is an unknown value
RSP=0x000000001c5df0f0 is pointing into the stack for thread: 0x000000001acdd800
RBP=0x000000000000000b is an unknown value
RSI=0x0000000000640ae2 is an unknown value
RDI=0x000000001c5df1c8 is pointing into the stack for thread: 0x000000001acdd800
R8 =0x0000000000650d80 is an unknown value
R9 =0x0000000000000001 is an unknown value
R10=0x0000000000008000 is an unknown value
R11=0x000000001c5df050 is pointing into the stack for thread: 0x000000001acdd800
R12=0x000000001c5df1c0 is pointing into the stack for thread: 0x000000001acdd800
R13=0x0000000000000006 is an unknown value
R14=0x0000000000000000 is an unknown value
R15=0x00000000022424fc is an unknown value


Stack: [0x000000001c4e0000,0x000000001c5e0000],  sp=0x000000001c5df0f0,  free space=1020k
Native frames: (J=compiled Java code, j=interpreted, Vv=VM code, C=native code)
C  [javaxt-core64.dll+0xc532]
C  0x00000000024d8c67

Java frames: (J=compiled Java code, j=interpreted, Vv=VM code)
j  javaxt.io.FileSystemWatcherNative.ReadDirectoryChangesW()Ljava/lang/String;+0
j  javaxt.io.FileSystemWatcher.run()V+86
j  java.lang.Thread.run()V+11
v  ~StubRoutines::call_stub

---------------  P R O C E S S  ---------------

Java Threads: ( => current thread )
  0x000000001acd6800 JavaThread "Thread-14" daemon [_thread_in_native, id=13500, stack(0x000000001c5e0000,0x000000001c6e0000)]
=>0x000000001acdd800 JavaThread "Thread-13" daemon [_thread_in_native, id=19952, stack(0x000000001c4e0000,0x000000001c5e0000)]
  0x000000001acdc800 JavaThread "taskExecutor-1" [_thread_in_Java, id=15528, stack(0x000000001a210000,0x000000001a310000)]
  0x000000001acd1800 JavaThread "DestroyJavaVM" [_thread_blocked, id=16424, stack(0x00000000022c0000,0x00000000023c0000)]
  0x000000001acd2000 JavaThread "http-nio-8081-AsyncTimeout" daemon [_thread_blocked, id=15984, stack(0x000000001fbb0000,0x000000001fcb0000)]
  0x000000001acd4800 JavaThread "http-nio-8081-Acceptor-0" daemon [_thread_in_native, id=16456, stack(0x000000001fab0000,0x000000001fbb0000)]
  0x000000001acd3000 JavaThread "http-nio-8081-ClientPoller-1" daemon [_thread_in_native, id=11540, stack(0x000000001f9b0000,0x000000001fab0000)]
  0x000000001acd3800 JavaThread "http-nio-8081-ClientPoller-0" daemon [_thread_in_native, id=15836, stack(0x000000001f8b0000,0x000000001f9b0000)]
  0x000000001acd5000 JavaThread "http-nio-8081-exec-10" daemon [_thread_blocked, id=17356, stack(0x000000001f7b0000,0x000000001f8b0000)]
  0x000000001acd6000 JavaThread "http-nio-8081-exec-9" daemon [_thread_blocked, id=13000, stack(0x000000001f6b0000,0x000000001f7b0000)]
  0x00000000196aa000 JavaThread "http-nio-8081-exec-8" daemon [_thread_blocked, id=2644, stack(0x000000001f5b0000,0x000000001f6b0000)]
  0x00000000196a9800 JavaThread "http-nio-8081-exec-7" daemon [_thread_blocked, id=16420, stack(0x000000001f4b0000,0x000000001f5b0000)]
  0x00000000196a8800 JavaThread "http-nio-8081-exec-6" daemon [_thread_blocked, id=1928, stack(0x000000001f3b0000,0x000000001f4b0000)]
  0x00000000196a7000 JavaThread "http-nio-8081-exec-5" daemon [_thread_blocked, id=15748, stack(0x000000001f2b0000,0x000000001f3b0000)]
  0x00000000196a6800 JavaThread "http-nio-8081-exec-4" daemon [_thread_blocked, id=17272, stack(0x000000001f1b0000,0x000000001f2b0000)]
  0x00000000196a5800 JavaThread "http-nio-8081-exec-3" daemon [_thread_blocked, id=9420, stack(0x000000001f0b0000,0x000000001f1b0000)]
  0x00000000196a4000 JavaThread "http-nio-8081-exec-2" daemon [_thread_blocked, id=4920, stack(0x000000001efb0000,0x000000001f0b0000)]
  0x00000000196a5000 JavaThread "http-nio-8081-exec-1" daemon [_thread_blocked, id=15304, stack(0x000000001eeb0000,0x000000001efb0000)]
  0x00000000196ab000 JavaThread "NioBlockingSelector.BlockPoller-1" daemon [_thread_in_native, id=2836, stack(0x000000001eab0000,0x000000001ebb0000)]
  0x00000000196a8000 JavaThread "Live Reload Server" daemon [_thread_in_native, id=12960, stack(0x000000001ebb0000,0x000000001ecb0000)]
  0x000000001b203000 JavaThread "File Watcher" daemon [_thread_in_native, id=14604, stack(0x000000001cce0000,0x000000001cde0000)]
  0x000000001b202000 JavaThread "MVStore background writer nio:C:/Users/nikhilesh/test.mv.db" daemon [_thread_blocked, id=9412, stack(0x000000001cde0000,0x000000001cee0000)]
  0x000000001b201800 JavaThread "Tomcat JDBC Pool Cleaner[1984697014:1603210579357]" daemon [_thread_blocked, id=13428, stack(0x000000001cae0000,0x000000001cbe0000)]
  0x000000001b200800 JavaThread "container-0" [_thread_blocked, id=3332, stack(0x000000001c7e0000,0x000000001c8e0000)]
  0x000000001b203800 JavaThread "ContainerBackgroundProcessor[StandardEngine[Tomcat]]" daemon [_thread_blocked, id=7876, stack(0x000000001c6e0000,0x000000001c7e0000)]
  0x000000001b14d000 JavaThread "RMI Scheduler(0)" daemon [_thread_blocked, id=9688, stack(0x000000001bce0000,0x000000001bde0000)]
  0x000000001b145000 JavaThread "RMI TCP Connection(2)-127.0.0.1" daemon [_thread_in_native, id=16844, stack(0x000000001a410000,0x000000001a510000)]
  0x000000001950c800 JavaThread "RMI TCP Accept-0" daemon [_thread_in_native, id=15576, stack(0x0000000019cd0000,0x0000000019dd0000)]
  0x0000000019501000 JavaThread "RMI TCP Accept-54482" daemon [_thread_in_native, id=19768, stack(0x0000000019bd0000,0x0000000019cd0000)]
  0x00000000194f7800 JavaThread "RMI TCP Accept-0" daemon [_thread_in_native, id=1612, stack(0x0000000019ad0000,0x0000000019bd0000)]
  0x00000000189c8800 JavaThread "Service Thread" daemon [_thread_blocked, id=16404, stack(0x0000000018d90000,0x0000000018e90000)]
  0x000000001704b800 JavaThread "C1 CompilerThread2" daemon [_thread_blocked, id=18744, stack(0x0000000018890000,0x0000000018990000)]
  0x0000000017047000 JavaThread "C2 CompilerThread1" daemon [_thread_blocked, id=2776, stack(0x0000000018790000,0x0000000018890000)]
  0x000000001703f800 JavaThread "C2 CompilerThread0" daemon [_thread_blocked, id=19900, stack(0x0000000018690000,0x0000000018790000)]
  0x000000001703e000 JavaThread "Attach Listener" daemon [_thread_blocked, id=8016, stack(0x0000000018590000,0x0000000018690000)]
  0x000000001703d000 JavaThread "Signal Dispatcher" daemon [_thread_blocked, id=7160, stack(0x0000000018490000,0x0000000018590000)]
  0x000000001701b000 JavaThread "Finalizer" daemon [_thread_blocked, id=9552, stack(0x0000000018290000,0x0000000018390000)]
  0x00000000024b6000 JavaThread "Reference Handler" daemon [_thread_blocked, id=14564, stack(0x0000000018190000,0x0000000018290000)]

Other Threads:
  0x0000000016ff7800 VMThread [stack: 0x0000000018090000,0x0000000018190000] [id=15720]
  0x000000001950e800 WatcherThread [stack: 0x0000000019dd0000,0x0000000019ed0000] [id=6820]

VM state:not at safepoint (normal execution)

VM Mutex/Monitor currently owned by a thread: None

heap address: 0x0000000081400000, size: 2028 MB, Compressed Oops mode: 32-bit
Narrow klass base: 0x0000000000000000, Narrow klass shift: 3
Compressed class space size: 1073741824 Address: 0x0000000100000000

Heap:
 PSYoungGen      total 286720K, used 228419K [0x00000000d5c00000, 0x00000000e9b00000, 0x0000000100000000)
  eden space 268800K, 78% used [0x00000000d5c00000,0x00000000e29dc630,0x00000000e6280000)
  from space 17920K, 98% used [0x00000000e8980000,0x00000000e9ab46c0,0x00000000e9b00000)
  to   space 19968K, 0% used [0x00000000e7400000,0x00000000e7400000,0x00000000e8780000)
 ParOldGen       total 96256K, used 22082K [0x0000000081400000, 0x0000000087200000, 0x00000000d5c00000)
  object space 96256K, 22% used [0x0000000081400000,0x0000000082990840,0x0000000087200000)
 Metaspace       used 47717K, capacity 48540K, committed 48808K, reserved 1091584K
  class space    used 6289K, capacity 6490K, committed 6568K, reserved 1048576K

Card table byte_map: [0x0000000011880000,0x0000000011c80000] byte_map_base: 0x0000000011476000

Marking Bits: (ParMarkBitMap*) 0x00000000525f5ce0
 Begin Bits: [0x0000000012330000, 0x00000000142e0000)
 End Bits:   [0x00000000142e0000, 0x0000000016290000)

Polling page: 0x00000000005d0000

CodeCache: size=245760Kb used=11223Kb max_used=11223Kb free=234536Kb
 bounds [0x00000000024c0000, 0x0000000002fc0000, 0x00000000114c0000]
 total_blobs=5775 nmethods=5231 adapters=455
 compilation: enabled

Compilation events (10 events):
Event: 59.188 Thread 0x000000001704b800 5165       1       java.nio.channels.spi.AbstractSelector::isOpen (8 bytes)
Event: 59.189 Thread 0x000000001704b800 nmethod 5165 0x0000000002f674d0 code [0x0000000002f67620, 0x0000000002f67750]
Event: 59.189 Thread 0x000000001704b800 5166       1       org.apache.catalina.core.ApplicationFilterFactory::matchDispatcher (103 bytes)
Event: 59.189 Thread 0x000000001704b800 nmethod 5166 0x0000000002f677d0 code [0x0000000002f67940, 0x0000000002f67bb0]
Event: 59.189 Thread 0x000000001704b800 5167       1       org.apache.tomcat.util.descriptor.web.FilterMap::getDispatcherMapping (15 bytes)
Event: 59.189 Thread 0x000000001704b800 nmethod 5167 0x0000000002f67d50 code [0x0000000002f67ea0, 0x0000000002f67fd0]
Event: 62.023 Thread 0x000000001704b800 5168       1       java.util.AbstractCollection::containsAll (38 bytes)
Event: 62.023 Thread 0x000000001704b800 nmethod 5168 0x0000000002f68050 code [0x0000000002f681e0, 0x0000000002f683d8]
Event: 66.378 Thread 0x000000001704b800 5169       1       java.util.concurrent.atomic.AtomicLong::set (6 bytes)
Event: 66.378 Thread 0x000000001704b800 nmethod 5169 0x0000000002f684d0 code [0x0000000002f68620, 0x0000000002f68750]

GC Heap History (10 events):
Event: 3.953 GC heap before
{Heap before GC invocations=8 (full 1):
 PSYoungGen      total 142336K, used 133089K [0x00000000d5c00000, 0x00000000df100000, 0x0000000100000000)
  eden space 133120K, 99% used [0x00000000d5c00000,0x00000000dddf8460,0x00000000dde00000)
  from space 9216K, 0% used [0x00000000de800000,0x00000000de800000,0x00000000df100000)
  to   space 9728K, 0% used [0x00000000dde00000,0x00000000dde00000,0x00000000de780000)
 ParOldGen       total 58880K, used 8239K [0x0000000081400000, 0x0000000084d80000, 0x00000000d5c00000)
  object space 58880K, 13% used [0x0000000081400000,0x0000000081c0bca0,0x0000000084d80000)
 Metaspace       used 25996K, capacity 26424K, committed 26544K, reserved 1073152K
  class space    used 3397K, capacity 3499K, committed 3504K, reserved 1048576K
Event: 3.965 GC heap after
Heap after GC invocations=8 (full 1):
 PSYoungGen      total 142848K, used 9717K [0x00000000d5c00000, 0x00000000e4380000, 0x0000000100000000)
  eden space 133120K, 0% used [0x00000000d5c00000,0x00000000d5c00000,0x00000000dde00000)
  from space 9728K, 99% used [0x00000000dde00000,0x00000000de77d7b8,0x00000000de780000)
  to   space 12288K, 0% used [0x00000000e3780000,0x00000000e3780000,0x00000000e4380000)
 ParOldGen       total 58880K, used 10335K [0x0000000081400000, 0x0000000084d80000, 0x00000000d5c00000)
  object space 58880K, 17% used [0x0000000081400000,0x0000000081e17e88,0x0000000084d80000)
 Metaspace       used 25996K, capacity 26424K, committed 26544K, reserved 1073152K
  class space    used 3397K, capacity 3499K, committed 3504K, reserved 1048576K
}
Event: 4.996 GC heap before
{Heap before GC invocations=9 (full 1):
 PSYoungGen      total 142848K, used 142837K [0x00000000d5c00000, 0x00000000e4380000, 0x0000000100000000)
  eden space 133120K, 100% used [0x00000000d5c00000,0x00000000dde00000,0x00000000dde00000)
  from space 9728K, 99% used [0x00000000dde00000,0x00000000de77d7b8,0x00000000de780000)
  to   space 12288K, 0% used [0x00000000e3780000,0x00000000e3780000,0x00000000e4380000)
 ParOldGen       total 58880K, used 10335K [0x0000000081400000, 0x0000000084d80000, 0x00000000d5c00000)
  object space 58880K, 17% used [0x0000000081400000,0x0000000081e17e88,0x0000000084d80000)
 Metaspace       used 32105K, capacity 32654K, committed 32816K, reserved 1077248K
  class space    used 4164K, capacity 4292K, committed 4400K, reserved 1048576K
Event: 5.011 GC heap after
Heap after GC invocations=9 (full 1):
 PSYoungGen      total 221184K, used 12259K [0x00000000d5c00000, 0x00000000e4800000, 0x0000000100000000)
  eden space 208896K, 0% used [0x00000000d5c00000,0x00000000d5c00000,0x00000000e2800000)
  from space 12288K, 99% used [0x00000000e3780000,0x00000000e4378c00,0x00000000e4380000)
  to   space 15872K, 0% used [0x00000000e2800000,0x00000000e2800000,0x00000000e3780000)
 ParOldGen       total 58880K, used 14967K [0x0000000081400000, 0x0000000084d80000, 0x00000000d5c00000)
  object space 58880K, 25% used [0x0000000081400000,0x000000008229dd28,0x0000000084d80000)
 Metaspace       used 32105K, capacity 32654K, committed 32816K, reserved 1077248K
  class space    used 4164K, capacity 4292K, committed 4400K, reserved 1048576K
}
Event: 5.278 GC heap before
{Heap before GC invocations=10 (full 1):
 PSYoungGen      total 221184K, used 37306K [0x00000000d5c00000, 0x00000000e4800000, 0x0000000100000000)
  eden space 208896K, 11% used [0x00000000d5c00000,0x00000000d7475d90,0x00000000e2800000)
  from space 12288K, 99% used [0x00000000e3780000,0x00000000e4378c00,0x00000000e4380000)
  to   space 15872K, 0% used [0x00000000e2800000,0x00000000e2800000,0x00000000e3780000)
 ParOldGen       total 58880K, used 14967K [0x0000000081400000, 0x0000000084d80000, 0x00000000d5c00000)
  object space 58880K, 25% used [0x0000000081400000,0x000000008229dd28,0x0000000084d80000)
 Metaspace       used 34764K, capacity 35342K, committed 35496K, reserved 1079296K
  class space    used 4515K, capacity 4676K, committed 4776K, reserved 1048576K
Event: 5.291 GC heap after
Heap after GC invocations=10 (full 1):
 PSYoungGen      total 224768K, used 14918K [0x00000000d5c00000, 0x00000000e9b00000, 0x0000000100000000)
  eden space 208896K, 0% used [0x00000000d5c00000,0x00000000d5c00000,0x00000000e2800000)
  from space 15872K, 93% used [0x00000000e2800000,0x00000000e3691b50,0x00000000e3780000)
  to   space 17920K, 0% used [0x00000000e8980000,0x00000000e8980000,0x00000000e9b00000)
 ParOldGen       total 58880K, used 14975K [0x0000000081400000, 0x0000000084d80000, 0x00000000d5c00000)
  object space 58880K, 25% used [0x0000000081400000,0x000000008229fd28,0x0000000084d80000)
 Metaspace       used 34764K, capacity 35342K, committed 35496K, reserved 1079296K
  class space    used 4515K, capacity 4676K, committed 4776K, reserved 1048576K
}
Event: 5.291 GC heap before
{Heap before GC invocations=11 (full 2):
 PSYoungGen      total 224768K, used 14918K [0x00000000d5c00000, 0x00000000e9b00000, 0x0000000100000000)
  eden space 208896K, 0% used [0x00000000d5c00000,0x00000000d5c00000,0x00000000e2800000)
  from space 15872K, 93% used [0x00000000e2800000,0x00000000e3691b50,0x00000000e3780000)
  to   space 17920K, 0% used [0x00000000e8980000,0x00000000e8980000,0x00000000e9b00000)
 ParOldGen       total 58880K, used 14975K [0x0000000081400000, 0x0000000084d80000, 0x00000000d5c00000)
  object space 58880K, 25% used [0x0000000081400000,0x000000008229fd28,0x0000000084d80000)
 Metaspace       used 34764K, capacity 35342K, committed 35496K, reserved 1079296K
  class space    used 4515K, capacity 4676K, committed 4776K, reserved 1048576K
Event: 5.371 GC heap after
Heap after GC invocations=11 (full 2):
 PSYoungGen      total 224768K, used 0K [0x00000000d5c00000, 0x00000000e9b00000, 0x0000000100000000)
  eden space 208896K, 0% used [0x00000000d5c00000,0x00000000d5c00000,0x00000000e2800000)
  from space 15872K, 0% used [0x00000000e2800000,0x00000000e2800000,0x00000000e3780000)
  to   space 17920K, 0% used [0x00000000e8980000,0x00000000e8980000,0x00000000e9b00000)
 ParOldGen       total 96256K, used 22074K [0x0000000081400000, 0x0000000087200000, 0x00000000d5c00000)
  object space 96256K, 22% used [0x0000000081400000,0x000000008298e840,0x0000000087200000)
 Metaspace       used 34764K, capacity 35342K, committed 35496K, reserved 1079296K
  class space    used 4515K, capacity 4676K, committed 4776K, reserved 1048576K
}
Event: 7.238 GC heap before
{Heap before GC invocations=12 (full 2):
 PSYoungGen      total 224768K, used 208896K [0x00000000d5c00000, 0x00000000e9b00000, 0x0000000100000000)
  eden space 208896K, 100% used [0x00000000d5c00000,0x00000000e2800000,0x00000000e2800000)
  from space 15872K, 0% used [0x00000000e2800000,0x00000000e2800000,0x00000000e3780000)
  to   space 17920K, 0% used [0x00000000e8980000,0x00000000e8980000,0x00000000e9b00000)
 ParOldGen       total 96256K, used 22074K [0x0000000081400000, 0x0000000087200000, 0x00000000d5c00000)
  object space 96256K, 22% used [0x0000000081400000,0x000000008298e840,0x0000000087200000)
 Metaspace       used 44104K, capacity 44744K, committed 44968K, reserved 1087488K
  class space    used 5842K, capacity 6021K, committed 6056K, reserved 1048576K
Event: 7.258 GC heap after
Heap after GC invocations=12 (full 2):
 PSYoungGen      total 286720K, used 17617K [0x00000000d5c00000, 0x00000000e9b00000, 0x0000000100000000)
  eden space 268800K, 0% used [0x00000000d5c00000,0x00000000d5c00000,0x00000000e6280000)
  from space 17920K, 98% used [0x00000000e8980000,0x00000000e9ab46c0,0x00000000e9b00000)
  to   space 19968K, 0% used [0x00000000e7400000,0x00000000e7400000,0x00000000e8780000)
 ParOldGen       total 96256K, used 22082K [0x0000000081400000, 0x0000000087200000, 0x00000000d5c00000)
  object space 96256K, 22% used [0x0000000081400000,0x0000000082990840,0x0000000087200000)
 Metaspace       used 44104K, capacity 44744K, committed 44968K, reserved 1087488K
  class space    used 5842K, capacity 6021K, committed 6056K, reserved 1048576K
}

Deoptimization events (0 events):
No events

Classes redefined (0 events):
No events

Internal exceptions (10 events):
Event: 33.287 Thread 0x000000001b145000 Exception <a 'java/lang/ClassNotFoundException': org/springframework/context/support/LiveBeansView> (0x00000000dca8e698) thrown at [C:\re\workspace\8-2-build-windows-amd64-cygwin\jdk8u221\13320\hotspot\src\share\vm\classfile\systemDictionary.cpp, line 210
Event: 33.287 Thread 0x000000001b145000 Exception <a 'java/lang/ClassNotFoundException': org/springframework/context/support/LiveBeansView> (0x00000000dca8e9f0) thrown at [C:\re\workspace\8-2-build-windows-amd64-cygwin\jdk8u221\13320\hotspot\src\share\vm\classfile\systemDictionary.cpp, line 210
Event: 33.288 Thread 0x000000001b145000 Exception <a 'java/lang/ClassNotFoundException': org/springframework/context/support/LiveBeansView> (0x00000000dcaaf698) thrown at [C:\re\workspace\8-2-build-windows-amd64-cygwin\jdk8u221\13320\hotspot\src\share\vm\classfile\systemDictionary.cpp, line 210
Event: 33.288 Thread 0x000000001b145000 Exception <a 'java/lang/ClassNotFoundException': org/springframework/context/support/LiveBeansView> (0x00000000dcaafa90) thrown at [C:\re\workspace\8-2-build-windows-amd64-cygwin\jdk8u221\13320\hotspot\src\share\vm\classfile\systemDictionary.cpp, line 210
Event: 33.288 Thread 0x000000001b145000 Exception <a 'java/lang/ClassNotFoundException': org/springframework/context/support/LiveBeansView> (0x00000000dcab0658) thrown at [C:\re\workspace\8-2-build-windows-amd64-cygwin\jdk8u221\13320\hotspot\src\share\vm\classfile\systemDictionary.cpp, line 210
Event: 33.288 Thread 0x000000001b145000 Exception <a 'java/lang/ClassNotFoundException': org/springframework/context/support/LiveBeansView> (0x00000000dcab0980) thrown at [C:\re\workspace\8-2-build-windows-amd64-cygwin\jdk8u221\13320\hotspot\src\share\vm\classfile\systemDictionary.cpp, line 210
Event: 33.288 Thread 0x000000001b145000 Exception <a 'java/lang/ClassNotFoundException': org/springframework/context/support/LiveBeansView> (0x00000000dcab1128) thrown at [C:\re\workspace\8-2-build-windows-amd64-cygwin\jdk8u221\13320\hotspot\src\share\vm\classfile\systemDictionary.cpp, line 210
Event: 33.288 Thread 0x000000001b145000 Exception <a 'java/lang/ClassNotFoundException': org/springframework/context/support/LiveBeansView> (0x00000000dcab15b8) thrown at [C:\re\workspace\8-2-build-windows-amd64-cygwin\jdk8u221\13320\hotspot\src\share\vm\classfile\systemDictionary.cpp, line 210
Event: 33.288 Thread 0x000000001b145000 Exception <a 'java/lang/ClassNotFoundException': org/springframework/context/support/LiveBeansView> (0x00000000dcab1e68) thrown at [C:\re\workspace\8-2-build-windows-amd64-cygwin\jdk8u221\13320\hotspot\src\share\vm\classfile\systemDictionary.cpp, line 210
Event: 33.288 Thread 0x000000001b145000 Exception <a 'java/lang/ClassNotFoundException': org/springframework/context/support/LiveBeansView> (0x00000000dcab2188) thrown at [C:\re\workspace\8-2-build-windows-amd64-cygwin\jdk8u221\13320\hotspot\src\share\vm\classfile\systemDictionary.cpp, line 210

Events (10 events):
Event: 56.344 Executing VM operation: RevokeBias
Event: 56.344 Executing VM operation: RevokeBias done
Event: 56.344 Executing VM operation: RevokeBias
Event: 56.345 Executing VM operation: RevokeBias done
Event: 59.149 loading class org/h2/util/ScriptReader
Event: 59.149 loading class org/h2/util/ScriptReader done
Event: 59.153 loading class org/h2/result/UpdatableRow
Event: 59.153 loading class org/h2/result/UpdatableRow done
Event: 59.154 loading class org/h2/expression/Subquery
Event: 59.154 loading class org/h2/expression/Subquery done


Dynamic libraries:
0x00007ff7172e0000 - 0x00007ff717317000 	C:\Program Files\Java\jdk1.8.0_221\bin\javaw.exe
0x00007ffd6eea0000 - 0x00007ffd6f090000 	C:\WINDOWS\SYSTEM32\ntdll.dll
0x00007ffd6db20000 - 0x00007ffd6dbd2000 	C:\WINDOWS\System32\KERNEL32.DLL
0x00007ffd6ca50000 - 0x00007ffd6ccf5000 	C:\WINDOWS\System32\KERNELBASE.dll
0x00007ffd6da70000 - 0x00007ffd6db13000 	C:\WINDOWS\System32\ADVAPI32.dll
0x00007ffd6e790000 - 0x00007ffd6e82e000 	C:\WINDOWS\System32\msvcrt.dll
0x00007ffd6cf50000 - 0x00007ffd6cfe7000 	C:\WINDOWS\System32\sechost.dll
0x00007ffd6e9e0000 - 0x00007ffd6eb00000 	C:\WINDOWS\System32\RPCRT4.dll
0x00007ffd6eb00000 - 0x00007ffd6ec94000 	C:\WINDOWS\System32\USER32.dll
0x00007ffd6c5b0000 - 0x00007ffd6c5d1000 	C:\WINDOWS\System32\win32u.dll
0x00007ffd6cff0000 - 0x00007ffd6d016000 	C:\WINDOWS\System32\GDI32.dll
0x00007ffd6cd30000 - 0x00007ffd6cec6000 	C:\WINDOWS\System32\gdi32full.dll
0x00007ffd6c740000 - 0x00007ffd6c7de000 	C:\WINDOWS\System32\msvcp_win.dll
0x00007ffd6c7e0000 - 0x00007ffd6c8da000 	C:\WINDOWS\System32\ucrtbase.dll
0x00007ffd543a0000 - 0x00007ffd54624000 	C:\WINDOWS\WinSxS\amd64_microsoft.windows.common-controls_6595b64144ccf1df_6.0.18362.1139_none_9e7bf2d3e4605ac6\COMCTL32.dll
0x00007ffd6d160000 - 0x00007ffd6d495000 	C:\WINDOWS\System32\combase.dll
0x00007ffd6ced0000 - 0x00007ffd6cf50000 	C:\WINDOWS\System32\bcryptPrimitives.dll
0x00007ffd6eca0000 - 0x00007ffd6ecce000 	C:\WINDOWS\System32\IMM32.DLL
0x0000000051c90000 - 0x0000000051d62000 	C:\Program Files\Java\jdk1.8.0_221\jre\bin\msvcr100.dll
0x0000000051dd0000 - 0x0000000052675000 	C:\Program Files\Java\jdk1.8.0_221\jre\bin\server\jvm.dll
0x00007ffd6ee30000 - 0x00007ffd6ee38000 	C:\WINDOWS\System32\PSAPI.DLL
0x00007ffd55f60000 - 0x00007ffd55f69000 	C:\WINDOWS\SYSTEM32\WSOCK32.dll
0x00007ffd6e5a0000 - 0x00007ffd6e60f000 	C:\WINDOWS\System32\WS2_32.dll
0x00007ffd69480000 - 0x00007ffd694a4000 	C:\WINDOWS\SYSTEM32\WINMM.dll
0x00007ffd63a70000 - 0x00007ffd63a7a000 	C:\WINDOWS\SYSTEM32\VERSION.dll
0x00007ffd69450000 - 0x00007ffd6947d000 	C:\WINDOWS\SYSTEM32\WINMMBASE.dll
0x00007ffd6c640000 - 0x00007ffd6c68a000 	C:\WINDOWS\System32\cfgmgr32.dll
0x00007ffd693f0000 - 0x00007ffd693ff000 	C:\Program Files\Java\jdk1.8.0_221\jre\bin\verify.dll
0x00007ffd3e630000 - 0x00007ffd3e659000 	C:\Program Files\Java\jdk1.8.0_221\jre\bin\java.dll
0x00007ffd3c410000 - 0x00007ffd3c426000 	C:\Program Files\Java\jdk1.8.0_221\jre\bin\zip.dll
0x00007ffd6dbe0000 - 0x00007ffd6e2c7000 	C:\WINDOWS\System32\SHELL32.dll
0x00007ffd6e610000 - 0x00007ffd6e6b9000 	C:\WINDOWS\System32\shcore.dll
0x00007ffd6be30000 - 0x00007ffd6c5b0000 	C:\WINDOWS\System32\windows.storage.dll
0x00007ffd6bd90000 - 0x00007ffd6bdb3000 	C:\WINDOWS\System32\profapi.dll
0x00007ffd6bdc0000 - 0x00007ffd6be0a000 	C:\WINDOWS\System32\powrprof.dll
0x00007ffd6bd60000 - 0x00007ffd6bd70000 	C:\WINDOWS\System32\UMPDC.dll
0x00007ffd6d080000 - 0x00007ffd6d0d2000 	C:\WINDOWS\System32\shlwapi.dll
0x00007ffd6be10000 - 0x00007ffd6be21000 	C:\WINDOWS\System32\kernel.appcore.dll
0x00007ffd6c8e0000 - 0x00007ffd6c8f7000 	C:\WINDOWS\System32\cryptsp.dll
0x00007ffd5b2e0000 - 0x00007ffd5b2ed000 	C:\Program Files\Java\jdk1.8.0_221\jre\bin\management.dll
0x00007ffd3c3f0000 - 0x00007ffd3c40a000 	C:\Program Files\Java\jdk1.8.0_221\jre\bin\net.dll
0x00007ffd5b640000 - 0x00007ffd5b816000 	C:\WINDOWS\SYSTEM32\urlmon.dll
0x00007ffd5fdb0000 - 0x00007ffd60057000 	C:\WINDOWS\SYSTEM32\iertutil.dll
0x00007ffd6b720000 - 0x00007ffd6b72c000 	C:\WINDOWS\SYSTEM32\CRYPTBASE.DLL
0x00007ffd6b550000 - 0x00007ffd6b5b7000 	C:\WINDOWS\system32\mswsock.dll
0x00007ffd3be50000 - 0x00007ffd3be62000 	C:\Program Files\Java\jdk1.8.0_221\jre\bin\nio.dll
0x00007ffd550b0000 - 0x00007ffd550c6000 	C:\WINDOWS\system32\napinsp.dll
0x00007ffd54280000 - 0x00007ffd5429a000 	C:\WINDOWS\system32\pnrpnsp.dll
0x00007ffd6b2a0000 - 0x00007ffd6b36b000 	C:\WINDOWS\SYSTEM32\DNSAPI.dll
0x00007ffd6e590000 - 0x00007ffd6e598000 	C:\WINDOWS\System32\NSI.dll
0x00007ffd6b260000 - 0x00007ffd6b29a000 	C:\WINDOWS\SYSTEM32\IPHLPAPI.DLL
0x00007ffd546d0000 - 0x00007ffd546de000 	C:\WINDOWS\System32\winrnr.dll
0x00007ffd68f90000 - 0x00007ffd68fac000 	C:\WINDOWS\system32\NLAapi.dll
0x00007ffd54260000 - 0x00007ffd54275000 	C:\WINDOWS\system32\wshbth.dll
0x00007ffd639c0000 - 0x00007ffd639ca000 	C:\Windows\System32\rasadhlp.dll
0x00007ffd68d20000 - 0x00007ffd68d97000 	C:\WINDOWS\System32\fwpuclnt.dll
0x00007ffd6cd00000 - 0x00007ffd6cd26000 	C:\WINDOWS\System32\bcrypt.dll
0x00007ffd6b0c0000 - 0x00007ffd6b0f3000 	C:\WINDOWS\system32\rsaenh.dll
0x00007ffd6bc80000 - 0x00007ffd6bca5000 	C:\WINDOWS\SYSTEM32\USERENV.dll
0x00007ffd6a440000 - 0x00007ffd6a456000 	C:\WINDOWS\SYSTEM32\dhcpcsvc6.DLL
0x00007ffd6a420000 - 0x00007ffd6a43c000 	C:\WINDOWS\SYSTEM32\dhcpcsvc.DLL
0x0000000002220000 - 0x0000000002254000 	C:\Users\nikhilesh\.m2\repository\javaxt\javaxt-core\1.7.8\javaxt-core64.dll
0x00007ffd61ad0000 - 0x00007ffd61aeb000 	C:\WINDOWS\SYSTEM32\MPR.dll
0x00007ffd65c40000 - 0x00007ffd65c57000 	C:\WINDOWS\SYSTEM32\NETAPI32.dll
0x00007ffd6b3c0000 - 0x00007ffd6b3cc000 	C:\WINDOWS\SYSTEM32\NETUTILS.DLL
0x00007ffd552f0000 - 0x00007ffd55316000 	C:\WINDOWS\SYSTEM32\SRVCLI.DLL
0x00007ffd6a740000 - 0x00007ffd6a934000 	C:\WINDOWS\SYSTEM32\dbghelp.dll

VM Arguments:
jvm_args: -Dcom.sun.management.jmxremote -Dcom.sun.management.jmxremote.port=54482 -Dcom.sun.management.jmxremote.authenticate=false -Dcom.sun.management.jmxremote.ssl=false -Djava.rmi.server.hostname=localhost -Dspring.jmx.enabled=true -Dspring.application.admin.enabled=true -Xverify:none -XX:TieredStopAtLevel=1 -Dspring.boot.project.name=spring-batch-example-1 -Dfile.encoding=UTF-8 
java_command: com.techprimers.springbatchexample1.SpringBatchExample1Application --spring.output.ansi.enabled=always
java_class_path (initial): C:\Users\nikhilesh\Downloads\spring-batch-example-1-master\target\classes;C:\Users\nikhilesh\.m2\repository\org\springframework\boot\spring-boot-starter-batch\1.5.14.RELEASE\spring-boot-starter-batch-1.5.14.RELEASE.jar;C:\Users\nikhilesh\.m2\repository\org\springframework\boot\spring-boot-starter\1.5.14.RELEASE\spring-boot-starter-1.5.14.RELEASE.jar;C:\Users\nikhilesh\.m2\repository\org\springframework\boot\spring-boot-starter-logging\1.5.14.RELEASE\spring-boot-starter-logging-1.5.14.RELEASE.jar;C:\Users\nikhilesh\.m2\repository\ch\qos\logback\logback-classic\1.1.11\logback-classic-1.1.11.jar;C:\Users\nikhilesh\.m2\repository\ch\qos\logback\logback-core\1.1.11\logback-core-1.1.11.jar;C:\Users\nikhilesh\.m2\repository\org\slf4j\jul-to-slf4j\1.7.25\jul-to-slf4j-1.7.25.jar;C:\Users\nikhilesh\.m2\repository\org\slf4j\log4j-over-slf4j\1.7.25\log4j-over-slf4j-1.7.25.jar;C:\Users\nikhilesh\.m2\repository\org\yaml\snakeyaml\1.17\snakeyaml-1.17.jar;C:\Users\nikhilesh\.m2\repository\org\springframework\boot\spring-boot-starter-jdbc\1.5.14.RELEASE\spring-boot-starter-jdbc-1.5.14.RELEASE.jar;C:\Users\nikhilesh\.m2\repository\org\apache\tomcat\tomcat-jdbc\8.5.31\tomcat-jdbc-8.5.31.jar;C:\Users\nikhilesh\.m2\repository\org\apache\tomcat\tomcat-juli\8.5.31\tomcat-juli-8.5.31.jar;C:\Users\nikhilesh\.m2\repository\org\springframework\batch\spring-batch-core\3.0.9.RELEASE\spring-batch-core-3.0.9.RELEASE.jar;C:\Users\nikhilesh\.m2\repository\com\ibm\jbatch\com.ibm.jbatch-tck-spi\1.0\com.ibm.jbatch-tck-spi-1.0.jar;C:\Users\nikhilesh\.m2\repository\javax\batch\javax.batch-api\1.0\javax.batch-api-1.0.jar;C:\Users\nikhilesh\.m2\repository\com\thoughtworks\xstream\xstream\1.4.7\xstream-1.4.7.jar;C:\Users\nikhilesh\.m2\repository\xmlpull\xmlpull\1.1.3.1\xmlpull-1.1.3.1.jar;C:\Users\nikhilesh\.m2\repository\xpp3\xpp3_min\1.1.4c\xpp3_min-1.1.4c.jar;C:\Users\nikhilesh\.m2\repository\org\codehaus\jettison\jettison\1.2\jettison-1.2.jar;C:\Users\nikhilesh\.m2\reposito
Launcher Type: SUN_STANDARD

Environment Variables:
JAVA_HOME=C:\Program Files\Java\jdk1.8.0_221
CLASSPATH=C:\Program Files\db-derby-10.13.1.1-bin\lib\derby.jar;C:\Program Files\db-derby-10.13.1.1-bin\lib\derbytools.jar;
PATH=C:/Program Files/Java/jdk1.8.0_221/bin/../jre/bin/server;C:/Program Files/Java/jdk1.8.0_221/bin/../jre/bin;C:/Program Files/Java/jdk1.8.0_221/bin/../jre/lib/amd64;C:\Program Files (x86)\Intel\Intel(R) Management Engine Components\iCLS\;C:\Program Files\Intel\Intel(R) Management Engine Components\iCLS\;C:\WINDOWS\system32;C:\WINDOWS;C:\WINDOWS\System32\Wbem;C:\WINDOWS\System32\WindowsPowerShell\v1.0\;C:\WINDOWS\System32\OpenSSH\;C:\Program Files\Intel\WiFi\bin\;C:\Program Files\Common Files\Intel\WirelessCommon\;C:\Program Files\MATLAB\R2016a\runtime\win64;C:\Program Files\MATLAB\R2016a\bin;C:\Program Files\MATLAB\R2016a\polyspace\bin;C:\Program Files (x86)\Intel\Intel(R) Management Engine Components\DAL;C:\Program Files\Intel\Intel(R) Management Engine Components\DAL;C:\Program Files\Java\jdk1.8.0_221\bin;C:\Program Files\MySQL\MySQL Shell 8.0\bin\;C:\Users\nikhilesh\Downloads\org\junit;C:\Program Files\db-derby-10.13.1.1-bin\bin\;C:\Program Files\MySQL\MySQL Shell 8.0\bin\;C:\Users\nikhilesh\AppData\Local\Microsoft\WindowsApps;;F:\sts-4.6.0.RELEASE;
USERNAME=nikhilesh
OS=Windows_NT
PROCESSOR_IDENTIFIER=Intel64 Family 6 Model 142 Stepping 9, GenuineIntel



---------------  S Y S T E M  ---------------

OS: Windows 10.0 , 64 bit Build 18362 (10.0.18362.1110)

CPU:total 4 (initial active 4) (2 cores per cpu, 2 threads per core) family 6 model 142 stepping 9, cmov, cx8, fxsr, mmx, sse, sse2, sse3, ssse3, sse4.1, sse4.2, popcnt, avx, avx2, aes, clmul, erms, 3dnowpref, lzcnt, ht, tsc, tscinvbit, bmi1, bmi2, adx

Memory: 4k page, physical 8303524k(2148932k free), swap 15643556k(6502656k free)

vm_info: Java HotSpot(TM) 64-Bit Server VM (25.221-b11) for windows-amd64 JRE (1.8.0_221-b11), built on Jul  4 2019 04:39:29 by "java_re" with MS VC++ 10.0 (VS2010)

time: Tue Oct 20 21:47:22 2020
timezone: India Standard Time
elapsed time: 67 seconds (0d 0h 1m 7s)

